<?xml version="1.0" encoding="UTF-8"?>
<!-- Generated by org.testng.reporters.JUnitXMLReporter -->
<testsuite ignored="0" hostname="Priyadarshini" failures="0" tests="4" name="Default test" time="15.628" errors="0" timestamp="2022-10-21T12:47:14 IST">
  <testcase classname="baseClass.BaseClass" name="OpenBrowser" time="14.92"/>
  <testcase classname="baseClass.BaseClass" name="CheckReleaseDate" time="0.232"/>
  <testcase classname="baseClass.BaseClass" name="CheckReleaseCountryName" time="0.23"/>
  <testcase classname="baseClass.BaseClass" name="closeBrowser" time="0.193"/>
</testsuite> <!-- Default test -->
